[33mwarn[39m:    --minUptime not set. Defaulting to: 1000ms
[33mwarn[39m:    --spinSleepTime not set. Your script will exit if it does not stay up for at least 1000ms
[Error: Module did not self-register.]
js-bson: Failed to load c++ bson extension, using pure JS version
[Error: Module did not self-register.]
js-bson: Failed to load c++ bson extension, using pure JS version
[Error: Module did not self-register.]
js-bson: Failed to load c++ bson extension, using pure JS version
[Error: Module did not self-register.]
js-bson: Failed to load c++ bson extension, using pure JS version
Listening on port 3000
{ headers: 
   { 'x-real-ip': '66.249.64.156',
     'x-forwarded-for': '66.249.64.156',
     host: 'www.carnivalinparadise.com',
     'x-nginx-proxy': 'true',
     connection: 'close',
     accept: '*/*',
     from: 'googlebot(at)googlebot.com',
     'accept-encoding': 'gzip,deflate',
     'user-agent': 'Mozilla/5.0 (compatible; Googlebot/2.1; +http://www.google.com/bot.html)' },
  time: 'Tue Sep 22 2015 09:29:01 GMT-0600 (MDT)',
  address: '::1',
  xdomain: false,
  secure: false,
  issued: 1442935741378,
  url: '/socket.io/?EIO=3&transport=polling&t=1441584016818-5',
  query: { EIO: '3', transport: 'polling', t: '1441584016818-5' } }
{ headers: 
   { 'x-real-ip': '66.249.64.156',
     'x-forwarded-for': '66.249.64.156',
     host: 'www.carnivalinparadise.com',
     'x-nginx-proxy': 'true',
     connection: 'close',
     accept: '*/*',
     from: 'googlebot(at)googlebot.com',
     'accept-encoding': 'gzip,deflate',
     'user-agent': 'Mozilla/5.0 (compatible; Googlebot/2.1; +http://www.google.com/bot.html)' },
  time: 'Tue Sep 22 2015 09:29:02 GMT-0600 (MDT)',
  address: '::ffff:127.0.0.1',
  xdomain: false,
  secure: false,
  issued: 1442935742101,
  url: '/socket.io/?EIO=3&transport=polling&t=1441584011807-4',
  query: { EIO: '3', transport: 'polling', t: '1441584011807-4' } }
{ headers: 
   { 'x-real-ip': '66.249.64.156',
     'x-forwarded-for': '66.249.64.156',
     host: 'www.carnivalinparadise.com',
     'x-nginx-proxy': 'true',
     connection: 'close',
     accept: '*/*',
     from: 'googlebot(at)googlebot.com',
     'accept-encoding': 'gzip,deflate',
     'user-agent': 'Mozilla/5.0 (compatible; Googlebot/2.1; +http://www.google.com/bot.html)' },
  time: 'Tue Sep 22 2015 09:29:02 GMT-0600 (MDT)',
  address: 'fe80::1',
  xdomain: false,
  secure: false,
  issued: 1442935742546,
  url: '/socket.io/?EIO=3&transport=polling&t=1441584001014-1',
  query: { EIO: '3', transport: 'polling', t: '1441584001014-1' } }
{ headers: 
   { 'x-real-ip': '66.249.64.156',
     'x-forwarded-for': '66.249.64.156',
     host: 'www.carnivalinparadise.com',
     'x-nginx-proxy': 'true',
     connection: 'close',
     accept: '*/*',
     from: 'googlebot(at)googlebot.com',
     'accept-encoding': 'gzip,deflate',
     'user-agent': 'Mozilla/5.0 (compatible; Googlebot/2.1; +http://www.google.com/bot.html)' },
  time: 'Tue Sep 22 2015 09:29:03 GMT-0600 (MDT)',
  address: '::1',
  xdomain: false,
  secure: false,
  issued: 1442935743064,
  url: '/socket.io/?EIO=3&transport=polling&t=1441584000020-0',
  query: { EIO: '3', transport: 'polling', t: '1441584000020-0' } }
{ headers: 
   { 'x-real-ip': '66.249.64.156',
     'x-forwarded-for': '66.249.64.156',
     host: 'www.carnivalinparadise.com',
     'x-nginx-proxy': 'true',
     connection: 'close',
     accept: '*/*',
     from: 'googlebot(at)googlebot.com',
     'accept-encoding': 'gzip,deflate',
     'user-agent': 'Mozilla/5.0 (compatible; Googlebot/2.1; +http://www.google.com/bot.html)' },
  time: 'Tue Sep 22 2015 09:29:04 GMT-0600 (MDT)',
  address: '::1',
  xdomain: false,
  secure: false,
  issued: 1442935744831,
  url: '/socket.io/?EIO=3&transport=polling&t=1441584003376-2',
  query: { EIO: '3', transport: 'polling', t: '1441584003376-2' } }
{ headers: 
   { 'x-real-ip': '66.249.64.166',
     'x-forwarded-for': '66.249.64.166',
     host: 'www.carnivalinparadise.com',
     'x-nginx-proxy': 'true',
     connection: 'close',
     referer: 'https://www.carnivalinparadise.com/',
     accept: '*/*',
     from: 'googlebot(at)googlebot.com',
     'accept-encoding': 'gzip,deflate',
     'user-agent': 'Mozilla/5.0 (compatible; Googlebot/2.1; +http://www.google.com/bot.html)' },
  time: 'Tue Sep 22 2015 09:29:06 GMT-0600 (MDT)',
  address: '::ffff:127.0.0.1',
  xdomain: false,
  secure: false,
  issued: 1442935746387,
  url: '/socket.io/?EIO=3&transport=polling&t=1442880000020-0',
  query: { EIO: '3', transport: 'polling', t: '1442880000020-0' } }
{ headers: 
   { 'x-real-ip': '66.249.64.161',
     'x-forwarded-for': '66.249.64.161',
     host: 'www.carnivalinparadise.com',
     'x-nginx-proxy': 'true',
     connection: 'close',
     referer: 'https://www.carnivalinparadise.com/',
     accept: '*/*',
     from: 'googlebot(at)googlebot.com',
     'accept-encoding': 'gzip,deflate',
     'user-agent': 'Mozilla/5.0 (compatible; Googlebot/2.1; +http://www.google.com/bot.html)' },
  time: 'Tue Sep 22 2015 09:29:08 GMT-0600 (MDT)',
  address: 'fe80::1',
  xdomain: false,
  secure: false,
  issued: 1442935748190,
  url: '/socket.io/?EIO=3&transport=polling&t=1442880000030-1',
  query: { EIO: '3', transport: 'polling', t: '1442880000030-1' } }
{ headers: 
   { 'x-real-ip': '66.249.64.156',
     'x-forwarded-for': '66.249.64.156',
     host: 'www.carnivalinparadise.com',
     'x-nginx-proxy': 'true',
     connection: 'close',
     referer: 'https://www.carnivalinparadise.com/',
     accept: '*/*',
     from: 'googlebot(at)googlebot.com',
     'accept-encoding': 'gzip,deflate',
     'user-agent': 'Mozilla/5.0 (compatible; Googlebot/2.1; +http://www.google.com/bot.html)' },
  time: 'Tue Sep 22 2015 09:29:09 GMT-0600 (MDT)',
  address: '::1',
  xdomain: false,
  secure: false,
  issued: 1442935749704,
  url: '/socket.io/?EIO=3&transport=polling&t=1442880000040-2',
  query: { EIO: '3', transport: 'polling', t: '1442880000040-2' } }
{ headers: 
   { 'x-real-ip': '66.249.64.156',
     'x-forwarded-for': '66.249.64.156',
     host: 'www.carnivalinparadise.com',
     'x-nginx-proxy': 'true',
     connection: 'close',
     referer: 'https://www.carnivalinparadise.com/',
     accept: '*/*',
     from: 'googlebot(at)googlebot.com',
     'accept-encoding': 'gzip,deflate',
     'user-agent': 'Mozilla/5.0 (compatible; Googlebot/2.1; +http://www.google.com/bot.html)' },
  time: 'Tue Sep 22 2015 09:29:11 GMT-0600 (MDT)',
  address: '::ffff:127.0.0.1',
  xdomain: false,
  secure: false,
  issued: 1442935751157,
  url: '/socket.io/?EIO=3&transport=polling&t=1442880000050-3',
  query: { EIO: '3', transport: 'polling', t: '1442880000050-3' } }
{ headers: 
   { 'x-real-ip': '66.249.64.161',
     'x-forwarded-for': '66.249.64.161',
     host: 'www.carnivalinparadise.com',
     'x-nginx-proxy': 'true',
     connection: 'close',
     referer: 'https://www.carnivalinparadise.com/',
     accept: '*/*',
     from: 'googlebot(at)googlebot.com',
     'accept-encoding': 'gzip,deflate',
     'user-agent': 'Mozilla/5.0 (compatible; Googlebot/2.1; +http://www.google.com/bot.html)' },
  time: 'Tue Sep 22 2015 09:29:12 GMT-0600 (MDT)',
  address: 'fe80::1',
  xdomain: false,
  secure: false,
  issued: 1442935752724,
  url: '/socket.io/?EIO=3&transport=polling&t=1442880000060-4',
  query: { EIO: '3', transport: 'polling', t: '1442880000060-4' } }
{ headers: 
   { 'x-real-ip': '66.249.64.166',
     'x-forwarded-for': '66.249.64.166',
     host: 'www.carnivalinparadise.com',
     'x-nginx-proxy': 'true',
     connection: 'close',
     referer: 'https://www.carnivalinparadise.com/',
     accept: '*/*',
     from: 'googlebot(at)googlebot.com',
     'accept-encoding': 'gzip,deflate',
     'user-agent': 'Mozilla/5.0 (compatible; Googlebot/2.1; +http://www.google.com/bot.html)' },
  time: 'Tue Sep 22 2015 09:29:14 GMT-0600 (MDT)',
  address: '::1',
  xdomain: false,
  secure: false,
  issued: 1442935754241,
  url: '/socket.io/?EIO=3&transport=polling&t=1442880000070-5',
  query: { EIO: '3', transport: 'polling', t: '1442880000070-5' } }
{ headers: 
   { 'x-real-ip': '66.249.64.166',
     'x-forwarded-for': '66.249.64.166',
     host: 'www.carnivalinparadise.com',
     'x-nginx-proxy': 'true',
     connection: 'close',
     referer: 'https://www.carnivalinparadise.com/',
     accept: '*/*',
     from: 'googlebot(at)googlebot.com',
     'accept-encoding': 'gzip,deflate',
     'user-agent': 'Mozilla/5.0 (compatible; Googlebot/2.1; +http://www.google.com/bot.html)' },
  time: 'Tue Sep 22 2015 09:29:15 GMT-0600 (MDT)',
  address: '::ffff:127.0.0.1',
  xdomain: false,
  secure: false,
  issued: 1442935755592,
  url: '/socket.io/?EIO=3&transport=polling&t=1442880000080-6',
  query: { EIO: '3', transport: 'polling', t: '1442880000080-6' } }
{ headers: 
   { 'x-real-ip': '66.249.64.166',
     'x-forwarded-for': '66.249.64.166',
     host: 'www.carnivalinparadise.com',
     'x-nginx-proxy': 'true',
     connection: 'close',
     referer: 'https://www.carnivalinparadise.com/',
     accept: '*/*',
     from: 'googlebot(at)googlebot.com',
     'accept-encoding': 'gzip,deflate',
     'user-agent': 'Mozilla/5.0 (compatible; Googlebot/2.1; +http://www.google.com/bot.html)' },
  time: 'Tue Sep 22 2015 09:29:17 GMT-0600 (MDT)',
  address: 'fe80::1',
  xdomain: false,
  secure: false,
  issued: 1442935757209,
  url: '/socket.io/?EIO=3&transport=polling&t=1442880000090-7',
  query: { EIO: '3', transport: 'polling', t: '1442880000090-7' } }
{ headers: 
   { 'x-real-ip': '66.249.64.166',
     'x-forwarded-for': '66.249.64.166',
     host: 'www.carnivalinparadise.com',
     'x-nginx-proxy': 'true',
     connection: 'close',
     referer: 'https://www.carnivalinparadise.com/',
     accept: '*/*',
     from: 'googlebot(at)googlebot.com',
     'accept-encoding': 'gzip,deflate',
     'user-agent': 'Mozilla/5.0 (compatible; Googlebot/2.1; +http://www.google.com/bot.html)' },
  time: 'Tue Sep 22 2015 09:29:18 GMT-0600 (MDT)',
  address: '::1',
  xdomain: false,
  secure: false,
  issued: 1442935758663,
  url: '/socket.io/?EIO=3&transport=polling&t=1442880000100-8',
  query: { EIO: '3', transport: 'polling', t: '1442880000100-8' } }
{ headers: 
   { 'x-real-ip': '66.249.64.166',
     'x-forwarded-for': '66.249.64.166',
     host: 'www.carnivalinparadise.com',
     'x-nginx-proxy': 'true',
     connection: 'close',
     referer: 'https://www.carnivalinparadise.com/',
     accept: '*/*',
     from: 'googlebot(at)googlebot.com',
     'accept-encoding': 'gzip,deflate',
     'user-agent': 'Mozilla/5.0 (compatible; Googlebot/2.1; +http://www.google.com/bot.html)' },
  time: 'Tue Sep 22 2015 09:29:20 GMT-0600 (MDT)',
  address: '::ffff:127.0.0.1',
  xdomain: false,
  secure: false,
  issued: 1442935760156,
  url: '/socket.io/?EIO=3&transport=polling&t=1442880000110-9',
  query: { EIO: '3', transport: 'polling', t: '1442880000110-9' } }
{ headers: 
   { 'x-real-ip': '66.249.64.166',
     'x-forwarded-for': '66.249.64.166',
     host: 'www.carnivalinparadise.com',
     'x-nginx-proxy': 'true',
     connection: 'close',
     referer: 'https://www.carnivalinparadise.com/',
     accept: '*/*',
     from: 'googlebot(at)googlebot.com',
     'accept-encoding': 'gzip,deflate',
     'user-agent': 'Mozilla/5.0 (compatible; Googlebot/2.1; +http://www.google.com/bot.html)' },
  time: 'Tue Sep 22 2015 09:29:21 GMT-0600 (MDT)',
  address: 'fe80::1',
  xdomain: false,
  secure: false,
  issued: 1442935761604,
  url: '/socket.io/?EIO=3&transport=polling&t=1442880000120-10',
  query: { EIO: '3', transport: 'polling', t: '1442880000120-10' } }
{ headers: 
   { 'x-real-ip': '66.249.64.161',
     'x-forwarded-for': '66.249.64.161',
     host: 'www.carnivalinparadise.com',
     'x-nginx-proxy': 'true',
     connection: 'close',
     referer: 'https://www.carnivalinparadise.com/',
     accept: '*/*',
     from: 'googlebot(at)googlebot.com',
     'accept-encoding': 'gzip,deflate',
     'user-agent': 'Mozilla/5.0 (compatible; Googlebot/2.1; +http://www.google.com/bot.html)' },
  time: 'Tue Sep 22 2015 09:29:23 GMT-0600 (MDT)',
  address: '::1',
  xdomain: false,
  secure: false,
  issued: 1442935763080,
  url: '/socket.io/?EIO=3&transport=polling&t=1442880000129-11',
  query: { EIO: '3', transport: 'polling', t: '1442880000129-11' } }
{ headers: 
   { 'x-real-ip': '66.249.64.161',
     'x-forwarded-for': '66.249.64.161',
     host: 'www.carnivalinparadise.com',
     'x-nginx-proxy': 'true',
     connection: 'close',
     referer: 'https://www.carnivalinparadise.com/',
     accept: '*/*',
     from: 'googlebot(at)googlebot.com',
     'accept-encoding': 'gzip,deflate',
     'user-agent': 'Mozilla/5.0 (compatible; Googlebot/2.1; +http://www.google.com/bot.html)' },
  time: 'Tue Sep 22 2015 09:29:24 GMT-0600 (MDT)',
  address: '::ffff:127.0.0.1',
  xdomain: false,
  secure: false,
  issued: 1442935764848,
  url: '/socket.io/?EIO=3&transport=polling&t=1442880000139-12',
  query: { EIO: '3', transport: 'polling', t: '1442880000139-12' } }
{ headers: 
   { 'x-real-ip': '66.249.64.166',
     'x-forwarded-for': '66.249.64.166',
     host: 'www.carnivalinparadise.com',
     'x-nginx-proxy': 'true',
     connection: 'close',
     referer: 'https://www.carnivalinparadise.com/',
     accept: '*/*',
     from: 'googlebot(at)googlebot.com',
     'accept-encoding': 'gzip,deflate',
     'user-agent': 'Mozilla/5.0 (compatible; Googlebot/2.1; +http://www.google.com/bot.html)' },
  time: 'Tue Sep 22 2015 09:29:26 GMT-0600 (MDT)',
  address: 'fe80::1',
  xdomain: false,
  secure: false,
  issued: 1442935766712,
  url: '/socket.io/?EIO=3&transport=polling&t=1442880000149-13',
  query: { EIO: '3', transport: 'polling', t: '1442880000149-13' } }
{ headers: 
   { 'x-real-ip': '66.249.64.156',
     'x-forwarded-for': '66.249.64.156',
     host: 'www.carnivalinparadise.com',
     'x-nginx-proxy': 'true',
     connection: 'close',
     referer: 'https://www.carnivalinparadise.com/',
     accept: '*/*',
     from: 'googlebot(at)googlebot.com',
     'accept-encoding': 'gzip,deflate',
     'user-agent': 'Mozilla/5.0 (compatible; Googlebot/2.1; +http://www.google.com/bot.html)' },
  time: 'Tue Sep 22 2015 09:29:28 GMT-0600 (MDT)',
  address: '::1',
  xdomain: false,
  secure: false,
  issued: 1442935768722,
  url: '/socket.io/?EIO=3&transport=polling&t=1442880000159-14',
  query: { EIO: '3', transport: 'polling', t: '1442880000159-14' } }
{ headers: 
   { 'x-real-ip': '66.249.64.161',
     'x-forwarded-for': '66.249.64.161',
     host: 'www.carnivalinparadise.com',
     'x-nginx-proxy': 'true',
     connection: 'close',
     referer: 'https://www.carnivalinparadise.com/',
     accept: '*/*',
     from: 'googlebot(at)googlebot.com',
     'accept-encoding': 'gzip,deflate',
     'user-agent': 'Mozilla/5.0 (compatible; Googlebot/2.1; +http://www.google.com/bot.html)' },
  time: 'Tue Sep 22 2015 09:29:31 GMT-0600 (MDT)',
  address: '::ffff:127.0.0.1',
  xdomain: false,
  secure: false,
  issued: 1442935771725,
  url: '/socket.io/?EIO=3&transport=polling&t=1442880000169-15',
  query: { EIO: '3', transport: 'polling', t: '1442880000169-15' } }
{ headers: 
   { 'x-real-ip': '66.249.64.161',
     'x-forwarded-for': '66.249.64.161',
     host: 'www.carnivalinparadise.com',
     'x-nginx-proxy': 'true',
     connection: 'close',
     referer: 'https://www.carnivalinparadise.com/',
     accept: '*/*',
     from: 'googlebot(at)googlebot.com',
     'accept-encoding': 'gzip,deflate',
     'user-agent': 'Mozilla/5.0 (compatible; Googlebot/2.1; +http://www.google.com/bot.html)' },
  time: 'Tue Sep 22 2015 09:29:33 GMT-0600 (MDT)',
  address: 'fe80::1',
  xdomain: false,
  secure: false,
  issued: 1442935773917,
  url: '/socket.io/?EIO=3&transport=polling&t=1442880000179-16',
  query: { EIO: '3', transport: 'polling', t: '1442880000179-16' } }
{ headers: 
   { 'x-real-ip': '66.249.64.156',
     'x-forwarded-for': '66.249.64.156',
     host: 'www.carnivalinparadise.com',
     'x-nginx-proxy': 'true',
     connection: 'close',
     referer: 'https://www.carnivalinparadise.com/',
     accept: '*/*',
     from: 'googlebot(at)googlebot.com',
     'accept-encoding': 'gzip,deflate',
     'user-agent': 'Mozilla/5.0 (compatible; Googlebot/2.1; +http://www.google.com/bot.html)' },
  time: 'Tue Sep 22 2015 09:29:35 GMT-0600 (MDT)',
  address: '::1',
  xdomain: false,
  secure: false,
  issued: 1442935775263,
  url: '/socket.io/?EIO=3&transport=polling&t=1442880000189-17',
  query: { EIO: '3', transport: 'polling', t: '1442880000189-17' } }
{ headers: 
   { 'x-real-ip': '66.249.64.166',
     'x-forwarded-for': '66.249.64.166',
     host: 'www.carnivalinparadise.com',
     'x-nginx-proxy': 'true',
     connection: 'close',
     referer: 'https://www.carnivalinparadise.com/',
     accept: '*/*',
     from: 'googlebot(at)googlebot.com',
     'accept-encoding': 'gzip,deflate',
     'user-agent': 'Mozilla/5.0 (compatible; Googlebot/2.1; +http://www.google.com/bot.html)' },
  time: 'Tue Sep 22 2015 09:29:36 GMT-0600 (MDT)',
  address: '::ffff:127.0.0.1',
  xdomain: false,
  secure: false,
  issued: 1442935776770,
  url: '/socket.io/?EIO=3&transport=polling&t=1442880000199-18',
  query: { EIO: '3', transport: 'polling', t: '1442880000199-18' } }
{ headers: 
   { 'x-real-ip': '66.249.64.166',
     'x-forwarded-for': '66.249.64.166',
     host: 'www.carnivalinparadise.com',
     'x-nginx-proxy': 'true',
     connection: 'close',
     referer: 'https://www.carnivalinparadise.com/',
     accept: '*/*',
     from: 'googlebot(at)googlebot.com',
     'accept-encoding': 'gzip,deflate',
     'user-agent': 'Mozilla/5.0 (compatible; Googlebot/2.1; +http://www.google.com/bot.html)' },
  time: 'Tue Sep 22 2015 09:29:38 GMT-0600 (MDT)',
  address: 'fe80::1',
  xdomain: false,
  secure: false,
  issued: 1442935778251,
  url: '/socket.io/?EIO=3&transport=polling&t=1442880000209-19',
  query: { EIO: '3', transport: 'polling', t: '1442880000209-19' } }
{ headers: 
   { 'x-real-ip': '66.249.64.166',
     'x-forwarded-for': '66.249.64.166',
     host: 'www.carnivalinparadise.com',
     'x-nginx-proxy': 'true',
     connection: 'close',
     referer: 'https://www.carnivalinparadise.com/',
     accept: '*/*',
     from: 'googlebot(at)googlebot.com',
     'accept-encoding': 'gzip,deflate',
     'user-agent': 'Mozilla/5.0 (compatible; Googlebot/2.1; +http://www.google.com/bot.html)' },
  time: 'Tue Sep 22 2015 09:29:39 GMT-0600 (MDT)',
  address: '::1',
  xdomain: false,
  secure: false,
  issued: 1442935779733,
  url: '/socket.io/?EIO=3&transport=polling&t=1442880000219-20',
  query: { EIO: '3', transport: 'polling', t: '1442880000219-20' } }
{ headers: 
   { 'x-real-ip': '66.249.64.166',
     'x-forwarded-for': '66.249.64.166',
     host: 'www.carnivalinparadise.com',
     'x-nginx-proxy': 'true',
     connection: 'close',
     referer: 'https://www.carnivalinparadise.com/',
     accept: '*/*',
     from: 'googlebot(at)googlebot.com',
     'accept-encoding': 'gzip,deflate',
     'user-agent': 'Mozilla/5.0 (compatible; Googlebot/2.1; +http://www.google.com/bot.html)' },
  time: 'Tue Sep 22 2015 09:29:41 GMT-0600 (MDT)',
  address: '::ffff:127.0.0.1',
  xdomain: false,
  secure: false,
  issued: 1442935781347,
  url: '/socket.io/?EIO=3&transport=polling&t=1442880000229-21',
  query: { EIO: '3', transport: 'polling', t: '1442880000229-21' } }
{ headers: 
   { 'x-real-ip': '66.249.64.161',
     'x-forwarded-for': '66.249.64.161',
     host: 'www.carnivalinparadise.com',
     'x-nginx-proxy': 'true',
     connection: 'close',
     referer: 'https://www.carnivalinparadise.com/',
     accept: '*/*',
     from: 'googlebot(at)googlebot.com',
     'accept-encoding': 'gzip,deflate',
     'user-agent': 'Mozilla/5.0 (compatible; Googlebot/2.1; +http://www.google.com/bot.html)' },
  time: 'Tue Sep 22 2015 09:29:42 GMT-0600 (MDT)',
  address: 'fe80::1',
  xdomain: false,
  secure: false,
  issued: 1442935782808,
  url: '/socket.io/?EIO=3&transport=polling&t=1442880000239-22',
  query: { EIO: '3', transport: 'polling', t: '1442880000239-22' } }
{ headers: 
   { 'x-real-ip': '66.249.64.161',
     'x-forwarded-for': '66.249.64.161',
     host: 'www.carnivalinparadise.com',
     'x-nginx-proxy': 'true',
     connection: 'close',
     referer: 'https://www.carnivalinparadise.com/',
     accept: '*/*',
     from: 'googlebot(at)googlebot.com',
     'accept-encoding': 'gzip,deflate',
     'user-agent': 'Mozilla/5.0 (compatible; Googlebot/2.1; +http://www.google.com/bot.html)' },
  time: 'Tue Sep 22 2015 09:29:44 GMT-0600 (MDT)',
  address: '::1',
  xdomain: false,
  secure: false,
  issued: 1442935784223,
  url: '/socket.io/?EIO=3&transport=polling&t=1442880000249-23',
  query: { EIO: '3', transport: 'polling', t: '1442880000249-23' } }
{ headers: 
   { 'x-real-ip': '66.249.64.156',
     'x-forwarded-for': '66.249.64.156',
     host: 'www.carnivalinparadise.com',
     'x-nginx-proxy': 'true',
     connection: 'close',
     referer: 'https://www.carnivalinparadise.com/',
     accept: '*/*',
     from: 'googlebot(at)googlebot.com',
     'accept-encoding': 'gzip,deflate',
     'user-agent': 'Mozilla/5.0 (compatible; Googlebot/2.1; +http://www.google.com/bot.html)' },
  time: 'Tue Sep 22 2015 09:29:45 GMT-0600 (MDT)',
  address: '::ffff:127.0.0.1',
  xdomain: false,
  secure: false,
  issued: 1442935785854,
  url: '/socket.io/?EIO=3&transport=polling&t=1442880000259-24',
  query: { EIO: '3', transport: 'polling', t: '1442880000259-24' } }
{ headers: 
   { 'x-real-ip': '66.249.64.156',
     'x-forwarded-for': '66.249.64.156',
     host: 'www.carnivalinparadise.com',
     'x-nginx-proxy': 'true',
     connection: 'close',
     referer: 'https://www.carnivalinparadise.com/',
     accept: '*/*',
     from: 'googlebot(at)googlebot.com',
     'accept-encoding': 'gzip,deflate',
     'user-agent': 'Mozilla/5.0 (compatible; Googlebot/2.1; +http://www.google.com/bot.html)' },
  time: 'Tue Sep 22 2015 09:29:47 GMT-0600 (MDT)',
  address: 'fe80::1',
  xdomain: false,
  secure: false,
  issued: 1442935787261,
  url: '/socket.io/?EIO=3&transport=polling&t=1442880000269-25',
  query: { EIO: '3', transport: 'polling', t: '1442880000269-25' } }
{ headers: 
   { 'x-real-ip': '66.249.64.156',
     'x-forwarded-for': '66.249.64.156',
     host: 'www.carnivalinparadise.com',
     'x-nginx-proxy': 'true',
     connection: 'close',
     referer: 'https://www.carnivalinparadise.com/',
     accept: '*/*',
     from: 'googlebot(at)googlebot.com',
     'accept-encoding': 'gzip,deflate',
     'user-agent': 'Mozilla/5.0 (compatible; Googlebot/2.1; +http://www.google.com/bot.html)' },
  time: 'Tue Sep 22 2015 09:29:48 GMT-0600 (MDT)',
  address: '::1',
  xdomain: false,
  secure: false,
  issued: 1442935788853,
  url: '/socket.io/?EIO=3&transport=polling&t=1442880000279-26',
  query: { EIO: '3', transport: 'polling', t: '1442880000279-26' } }
{ headers: 
   { 'x-real-ip': '66.249.64.161',
     'x-forwarded-for': '66.249.64.161',
     host: 'www.carnivalinparadise.com',
     'x-nginx-proxy': 'true',
     connection: 'close',
     referer: 'https://www.carnivalinparadise.com/',
     accept: '*/*',
     from: 'googlebot(at)googlebot.com',
     'accept-encoding': 'gzip,deflate',
     'user-agent': 'Mozilla/5.0 (compatible; Googlebot/2.1; +http://www.google.com/bot.html)' },
  time: 'Tue Sep 22 2015 09:29:50 GMT-0600 (MDT)',
  address: '::ffff:127.0.0.1',
  xdomain: false,
  secure: false,
  issued: 1442935790458,
  url: '/socket.io/?EIO=3&transport=polling&t=1442880000289-27',
  query: { EIO: '3', transport: 'polling', t: '1442880000289-27' } }
{ headers: 
   { 'x-real-ip': '66.249.64.166',
     'x-forwarded-for': '66.249.64.166',
     host: 'www.carnivalinparadise.com',
     'x-nginx-proxy': 'true',
     connection: 'close',
     referer: 'https://www.carnivalinparadise.com/',
     accept: '*/*',
     from: 'googlebot(at)googlebot.com',
     'accept-encoding': 'gzip,deflate',
     'user-agent': 'Mozilla/5.0 (compatible; Googlebot/2.1; +http://www.google.com/bot.html)' },
  time: 'Tue Sep 22 2015 09:29:51 GMT-0600 (MDT)',
  address: 'fe80::1',
  xdomain: false,
  secure: false,
  issued: 1442935791664,
  url: '/socket.io/?EIO=3&transport=polling&t=1442880000299-28',
  query: { EIO: '3', transport: 'polling', t: '1442880000299-28' } }
{ headers: 
   { 'x-real-ip': '66.249.64.161',
     'x-forwarded-for': '66.249.64.161',
     host: 'www.carnivalinparadise.com',
     'x-nginx-proxy': 'true',
     connection: 'close',
     referer: 'https://www.carnivalinparadise.com/',
     accept: '*/*',
     from: 'googlebot(at)googlebot.com',
     'accept-encoding': 'gzip,deflate',
     'user-agent': 'Mozilla/5.0 (compatible; Googlebot/2.1; +http://www.google.com/bot.html)' },
  time: 'Tue Sep 22 2015 09:29:53 GMT-0600 (MDT)',
  address: '::1',
  xdomain: false,
  secure: false,
  issued: 1442935793649,
  url: '/socket.io/?EIO=3&transport=polling&t=1442880000309-29',
  query: { EIO: '3', transport: 'polling', t: '1442880000309-29' } }
{ headers: 
   { 'x-real-ip': '66.249.64.166',
     'x-forwarded-for': '66.249.64.166',
     host: 'www.carnivalinparadise.com',
     'x-nginx-proxy': 'true',
     connection: 'close',
     referer: 'https://www.carnivalinparadise.com/',
     accept: '*/*',
     from: 'googlebot(at)googlebot.com',
     'accept-encoding': 'gzip,deflate',
     'user-agent': 'Mozilla/5.0 (compatible; Googlebot/2.1; +http://www.google.com/bot.html)' },
  time: 'Tue Sep 22 2015 09:29:55 GMT-0600 (MDT)',
  address: '::ffff:127.0.0.1',
  xdomain: false,
  secure: false,
  issued: 1442935795320,
  url: '/socket.io/?EIO=3&transport=polling&t=1442880000319-30',
  query: { EIO: '3', transport: 'polling', t: '1442880000319-30' } }
{ headers: 
   { 'x-real-ip': '66.249.64.156',
     'x-forwarded-for': '66.249.64.156',
     host: 'www.carnivalinparadise.com',
     'x-nginx-proxy': 'true',
     connection: 'close',
     referer: 'https://www.carnivalinparadise.com/',
     accept: '*/*',
     from: 'googlebot(at)googlebot.com',
     'accept-encoding': 'gzip,deflate',
     'user-agent': 'Mozilla/5.0 (compatible; Googlebot/2.1; +http://www.google.com/bot.html)' },
  time: 'Tue Sep 22 2015 09:29:56 GMT-0600 (MDT)',
  address: 'fe80::1',
  xdomain: false,
  secure: false,
  issued: 1442935796853,
  url: '/socket.io/?EIO=3&transport=polling&t=1442880000329-31',
  query: { EIO: '3', transport: 'polling', t: '1442880000329-31' } }
{ headers: 
   { 'x-real-ip': '66.249.64.166',
     'x-forwarded-for': '66.249.64.166',
     host: 'www.carnivalinparadise.com',
     'x-nginx-proxy': 'true',
     connection: 'close',
     referer: 'https://www.carnivalinparadise.com/',
     accept: '*/*',
     from: 'googlebot(at)googlebot.com',
     'accept-encoding': 'gzip,deflate',
     'user-agent': 'Mozilla/5.0 (compatible; Googlebot/2.1; +http://www.google.com/bot.html)' },
  time: 'Tue Sep 22 2015 09:29:58 GMT-0600 (MDT)',
  address: '::1',
  xdomain: false,
  secure: false,
  issued: 1442935798263,
  url: '/socket.io/?EIO=3&transport=polling&t=1442880000339-32',
  query: { EIO: '3', transport: 'polling', t: '1442880000339-32' } }
{ headers: 
   { 'x-real-ip': '66.249.64.166',
     'x-forwarded-for': '66.249.64.166',
     host: 'www.carnivalinparadise.com',
     'x-nginx-proxy': 'true',
     connection: 'close',
     referer: 'https://www.carnivalinparadise.com/',
     accept: '*/*',
     from: 'googlebot(at)googlebot.com',
     'accept-encoding': 'gzip,deflate',
     'user-agent': 'Mozilla/5.0 (compatible; Googlebot/2.1; +http://www.google.com/bot.html)' },
  time: 'Tue Sep 22 2015 09:29:59 GMT-0600 (MDT)',
  address: '::ffff:127.0.0.1',
  xdomain: false,
  secure: false,
  issued: 1442935799670,
  url: '/socket.io/?EIO=3&transport=polling&t=1442880000349-33',
  query: { EIO: '3', transport: 'polling', t: '1442880000349-33' } }
{ headers: 
   { 'x-real-ip': '66.249.64.161',
     'x-forwarded-for': '66.249.64.161',
     host: 'www.carnivalinparadise.com',
     'x-nginx-proxy': 'true',
     connection: 'close',
     referer: 'https://www.carnivalinparadise.com/',
     accept: '*/*',
     from: 'googlebot(at)googlebot.com',
     'accept-encoding': 'gzip,deflate',
     'user-agent': 'Mozilla/5.0 (compatible; Googlebot/2.1; +http://www.google.com/bot.html)' },
  time: 'Tue Sep 22 2015 09:30:01 GMT-0600 (MDT)',
  address: 'fe80::1',
  xdomain: false,
  secure: false,
  issued: 1442935801619,
  url: '/socket.io/?EIO=3&transport=polling&t=1442880000359-34',
  query: { EIO: '3', transport: 'polling', t: '1442880000359-34' } }
/Users/mangrove/svr/man-2/lib/io.js:31
        var sid = handshakeData.headers.cookie.replace(/.*connect.sid=(.*)?.*/, '$1');
                                              ^

TypeError: Cannot read property 'replace' of undefined
    at Socket.<anonymous> (/Users/mangrove/svr/man-2/lib/io.js:31:47)
    at emitOne (events.js:77:13)
    at Socket.emit (events.js:169:7)
    at Socket.emit (/Users/mangrove/svr/man-2/node_modules/socket.io/lib/socket.js:129:10)
    at Socket.onclose (/Users/mangrove/svr/man-2/node_modules/socket.io/lib/socket.js:418:8)
    at Client.onclose (/Users/mangrove/svr/man-2/node_modules/socket.io/lib/client.js:230:12)
    at emitTwo (events.js:92:20)
    at Socket.emit (events.js:172:7)
    at Socket.onClose (/Users/mangrove/svr/man-2/node_modules/socket.io/node_modules/engine.io/lib/socket.js:248:10)
    at null.<anonymous> (/Users/mangrove/svr/man-2/node_modules/socket.io/node_modules/engine.io/lib/socket.js:130:10)
    at Timer.listOnTimeout (timers.js:89:15)
error: Forever detected script exited with code: 1
error: Script restart attempt #1
[Error: Module did not self-register.]
js-bson: Failed to load c++ bson extension, using pure JS version
[Error: Module did not self-register.]
js-bson: Failed to load c++ bson extension, using pure JS version
[Error: Module did not self-register.]
js-bson: Failed to load c++ bson extension, using pure JS version
[Error: Module did not self-register.]
js-bson: Failed to load c++ bson extension, using pure JS version
Listening on port 3000
{ headers: 
   { 'x-real-ip': '66.249.64.161',
     'x-forwarded-for': '66.249.64.161',
     host: 'www.carnivalinparadise.com',
     'x-nginx-proxy': 'true',
     connection: 'close',
     accept: '*/*',
     from: 'googlebot(at)googlebot.com',
     'accept-encoding': 'gzip,deflate',
     'user-agent': 'Mozilla/5.0 (compatible; Googlebot/2.1; +http://www.google.com/bot.html)' },
  time: 'Tue Sep 22 2015 10:26:14 GMT-0600 (MDT)',
  address: '::1',
  xdomain: false,
  secure: false,
  issued: 1442939174219,
  url: '/socket.io/?EIO=3&transport=polling&t=1441584006805-13',
  query: { EIO: '3', transport: 'polling', t: '1441584006805-13' } }
{ headers: 
   { 'x-real-ip': '66.249.64.156',
     'x-forwarded-for': '66.249.64.156',
     host: 'www.carnivalinparadise.com',
     'x-nginx-proxy': 'true',
     connection: 'close',
     accept: '*/*',
     from: 'googlebot(at)googlebot.com',
     'accept-encoding': 'gzip,deflate',
     'user-agent': 'Mozilla/5.0 (compatible; Googlebot/2.1; +http://www.google.com/bot.html)' },
  time: 'Tue Sep 22 2015 10:26:14 GMT-0600 (MDT)',
  address: 'fe80::1',
  xdomain: false,
  secure: false,
  issued: 1442939174366,
  url: '/socket.io/?EIO=3&transport=polling&t=1441584000100-7',
  query: { EIO: '3', transport: 'polling', t: '1441584000100-7' } }
{ headers: 
   { 'x-real-ip': '66.249.64.156',
     'x-forwarded-for': '66.249.64.156',
     host: 'www.carnivalinparadise.com',
     'x-nginx-proxy': 'true',
     connection: 'close',
     accept: '*/*',
     from: 'googlebot(at)googlebot.com',
     'accept-encoding': 'gzip,deflate',
     'user-agent': 'Mozilla/5.0 (compatible; Googlebot/2.1; +http://www.google.com/bot.html)' },
  time: 'Tue Sep 22 2015 10:26:14 GMT-0600 (MDT)',
  address: '::ffff:127.0.0.1',
  xdomain: false,
  secure: false,
  issued: 1442939174984,
  url: '/socket.io/?EIO=3&transport=polling&t=1441584000110-8',
  query: { EIO: '3', transport: 'polling', t: '1441584000110-8' } }
{ headers: 
   { 'x-real-ip': '66.249.64.161',
     'x-forwarded-for': '66.249.64.161',
     host: 'www.carnivalinparadise.com',
     'x-nginx-proxy': 'true',
     connection: 'close',
     accept: '*/*',
     from: 'googlebot(at)googlebot.com',
     'accept-encoding': 'gzip,deflate',
     'user-agent': 'Mozilla/5.0 (compatible; Googlebot/2.1; +http://www.google.com/bot.html)' },
  time: 'Tue Sep 22 2015 10:26:16 GMT-0600 (MDT)',
  address: '::1',
  xdomain: false,
  secure: false,
  issued: 1442939176019,
  url: '/socket.io/?EIO=3&transport=polling&t=1441584000060-3',
  query: { EIO: '3', transport: 'polling', t: '1441584000060-3' } }
{ headers: 
   { 'x-real-ip': '66.249.64.156',
     'x-forwarded-for': '66.249.64.156',
     host: 'www.carnivalinparadise.com',
     'x-nginx-proxy': 'true',
     connection: 'close',
     accept: '*/*',
     from: 'googlebot(at)googlebot.com',
     'accept-encoding': 'gzip,deflate',
     'user-agent': 'Mozilla/5.0 (compatible; Googlebot/2.1; +http://www.google.com/bot.html)' },
  time: 'Tue Sep 22 2015 10:26:17 GMT-0600 (MDT)',
  address: '::1',
  xdomain: false,
  secure: false,
  issued: 1442939177036,
  url: '/socket.io/?EIO=3&transport=polling&t=1441584003386-12',
  query: { EIO: '3', transport: 'polling', t: '1441584003386-12' } }
{ headers: 
   { 'x-real-ip': '66.249.64.161',
     'x-forwarded-for': '66.249.64.161',
     host: 'www.carnivalinparadise.com',
     'x-nginx-proxy': 'true',
     connection: 'close',
     accept: '*/*',
     from: 'googlebot(at)googlebot.com',
     'accept-encoding': 'gzip,deflate',
     'user-agent': 'Mozilla/5.0 (compatible; Googlebot/2.1; +http://www.google.com/bot.html)' },
  time: 'Tue Sep 22 2015 10:26:18 GMT-0600 (MDT)',
  address: 'fe80::1',
  xdomain: false,
  secure: false,
  issued: 1442939178047,
  url: '/socket.io/?EIO=3&transport=polling&t=1441584016827-15',
  query: { EIO: '3', transport: 'polling', t: '1441584016827-15' } }
{ headers: 
   { 'x-real-ip': '66.249.64.156',
     'x-forwarded-for': '66.249.64.156',
     host: 'www.carnivalinparadise.com',
     'x-nginx-proxy': 'true',
     connection: 'close',
     accept: '*/*',
     from: 'googlebot(at)googlebot.com',
     'accept-encoding': 'gzip,deflate',
     'user-agent': 'Mozilla/5.0 (compatible; Googlebot/2.1; +http://www.google.com/bot.html)' },
  time: 'Tue Sep 22 2015 10:26:19 GMT-0600 (MDT)',
  address: 'fe80::1',
  xdomain: false,
  secure: false,
  issued: 1442939179053,
  url: '/socket.io/?EIO=3&transport=polling&t=1441584000050-2',
  query: { EIO: '3', transport: 'polling', t: '1441584000050-2' } }
{ headers: 
   { 'x-real-ip': '66.249.64.156',
     'x-forwarded-for': '66.249.64.156',
     host: 'www.carnivalinparadise.com',
     'x-nginx-proxy': 'true',
     connection: 'close',
     accept: '*/*',
     from: 'googlebot(at)googlebot.com',
     'accept-encoding': 'gzip,deflate',
     'user-agent': 'Mozilla/5.0 (compatible; Googlebot/2.1; +http://www.google.com/bot.html)' },
  time: 'Tue Sep 22 2015 10:26:20 GMT-0600 (MDT)',
  address: '::ffff:127.0.0.1',
  xdomain: false,
  secure: false,
  issued: 1442939180041,
  url: '/socket.io/?EIO=3&transport=polling&t=1441584000120-9',
  query: { EIO: '3', transport: 'polling', t: '1441584000120-9' } }
{ headers: 
   { 'x-real-ip': '66.249.64.166',
     'x-forwarded-for': '66.249.64.166',
     host: 'www.carnivalinparadise.com',
     'x-nginx-proxy': 'true',
     connection: 'close',
     accept: '*/*',
     from: 'googlebot(at)googlebot.com',
     'accept-encoding': 'gzip,deflate',
     'user-agent': 'Mozilla/5.0 (compatible; Googlebot/2.1; +http://www.google.com/bot.html)' },
  time: 'Tue Sep 22 2015 10:26:21 GMT-0600 (MDT)',
  address: '::1',
  xdomain: false,
  secure: false,
  issued: 1442939181289,
  url: '/socket.io/?EIO=3&transport=polling&t=1441584000130-10',
  query: { EIO: '3', transport: 'polling', t: '1441584000130-10' } }
{ headers: 
   { 'x-real-ip': '66.249.64.161',
     'x-forwarded-for': '66.249.64.161',
     host: 'www.carnivalinparadise.com',
     'x-nginx-proxy': 'true',
     connection: 'close',
     accept: '*/*',
     from: 'googlebot(at)googlebot.com',
     'accept-encoding': 'gzip,deflate',
     'user-agent': 'Mozilla/5.0 (compatible; Googlebot/2.1; +http://www.google.com/bot.html)' },
  time: 'Tue Sep 22 2015 10:26:21 GMT-0600 (MDT)',
  address: '::ffff:127.0.0.1',
  xdomain: false,
  secure: false,
  issued: 1442939181998,
  url: '/socket.io/?EIO=3&transport=polling&t=1441584000040-1',
  query: { EIO: '3', transport: 'polling', t: '1441584000040-1' } }
{ headers: 
   { 'x-real-ip': '66.249.64.156',
     'x-forwarded-for': '66.249.64.156',
     host: 'www.carnivalinparadise.com',
     'x-nginx-proxy': 'true',
     connection: 'close',
     accept: '*/*',
     from: 'googlebot(at)googlebot.com',
     'accept-encoding': 'gzip,deflate',
     'user-agent': 'Mozilla/5.0 (compatible; Googlebot/2.1; +http://www.google.com/bot.html)' },
  time: 'Tue Sep 22 2015 10:26:22 GMT-0600 (MDT)',
  address: 'fe80::1',
  xdomain: false,
  secure: false,
  issued: 1442939182968,
  url: '/socket.io/?EIO=3&transport=polling&t=1441584000070-4',
  query: { EIO: '3', transport: 'polling', t: '1441584000070-4' } }
{ headers: 
   { 'x-real-ip': '66.249.64.156',
     'x-forwarded-for': '66.249.64.156',
     host: 'www.carnivalinparadise.com',
     'x-nginx-proxy': 'true',
     connection: 'close',
     accept: '*/*',
     from: 'googlebot(at)googlebot.com',
     'accept-encoding': 'gzip,deflate',
     'user-agent': 'Mozilla/5.0 (compatible; Googlebot/2.1; +http://www.google.com/bot.html)' },
  time: 'Tue Sep 22 2015 10:26:23 GMT-0600 (MDT)',
  address: '::ffff:127.0.0.1',
  xdomain: false,
  secure: false,
  issued: 1442939183924,
  url: '/socket.io/?EIO=3&transport=polling&t=1441584000080-5',
  query: { EIO: '3', transport: 'polling', t: '1441584000080-5' } }
{ headers: 
   { 'x-real-ip': '66.249.64.161',
     'x-forwarded-for': '66.249.64.161',
     host: 'www.carnivalinparadise.com',
     'x-nginx-proxy': 'true',
     connection: 'close',
     accept: '*/*',
     from: 'googlebot(at)googlebot.com',
     'accept-encoding': 'gzip,deflate',
     'user-agent': 'Mozilla/5.0 (compatible; Googlebot/2.1; +http://www.google.com/bot.html)' },
  time: 'Tue Sep 22 2015 10:26:24 GMT-0600 (MDT)',
  address: '::1',
  xdomain: false,
  secure: false,
  issued: 1442939184876,
  url: '/socket.io/?EIO=3&transport=polling&t=1441584000030-0',
  query: { EIO: '3', transport: 'polling', t: '1441584000030-0' } }
{ headers: 
   { 'x-real-ip': '66.249.64.156',
     'x-forwarded-for': '66.249.64.156',
     host: 'www.carnivalinparadise.com',
     'x-nginx-proxy': 'true',
     connection: 'close',
     accept: '*/*',
     from: 'googlebot(at)googlebot.com',
     'accept-encoding': 'gzip,deflate',
     'user-agent': 'Mozilla/5.0 (compatible; Googlebot/2.1; +http://www.google.com/bot.html)' },
  time: 'Tue Sep 22 2015 10:26:25 GMT-0600 (MDT)',
  address: '::1',
  xdomain: false,
  secure: false,
  issued: 1442939185816,
  url: '/socket.io/?EIO=3&transport=polling&t=1441584011816-14',
  query: { EIO: '3', transport: 'polling', t: '1441584011816-14' } }
{ headers: 
   { 'x-real-ip': '66.249.64.156',
     'x-forwarded-for': '66.249.64.156',
     host: 'www.carnivalinparadise.com',
     'x-nginx-proxy': 'true',
     connection: 'close',
     accept: '*/*',
     from: 'googlebot(at)googlebot.com',
     'accept-encoding': 'gzip,deflate',
     'user-agent': 'Mozilla/5.0 (compatible; Googlebot/2.1; +http://www.google.com/bot.html)' },
  time: 'Tue Sep 22 2015 10:26:28 GMT-0600 (MDT)',
  address: '::ffff:127.0.0.1',
  xdomain: false,
  secure: false,
  issued: 1442939188586,
  url: '/socket.io/?EIO=3&transport=polling&t=1441584000090-6',
  query: { EIO: '3', transport: 'polling', t: '1441584000090-6' } }
{ headers: 
   { 'x-real-ip': '66.249.64.166',
     'x-forwarded-for': '66.249.64.166',
     host: 'www.carnivalinparadise.com',
     'x-nginx-proxy': 'true',
     connection: 'close',
     accept: '*/*',
     from: 'googlebot(at)googlebot.com',
     'accept-encoding': 'gzip,deflate',
     'user-agent': 'Mozilla/5.0 (compatible; Googlebot/2.1; +http://www.google.com/bot.html)' },
  time: 'Tue Sep 22 2015 10:26:29 GMT-0600 (MDT)',
  address: '::1',
  xdomain: false,
  secure: false,
  issued: 1442939189492,
  url: '/socket.io/?EIO=3&transport=polling&t=1441584001023-11',
  query: { EIO: '3', transport: 'polling', t: '1441584001023-11' } }
{ headers: 
   { 'x-real-ip': '66.249.64.166',
     'x-forwarded-for': '66.249.64.166',
     host: 'www.carnivalinparadise.com',
     'x-nginx-proxy': 'true',
     connection: 'close',
     referer: 'https://www.carnivalinparadise.com/',
     accept: '*/*',
     from: 'googlebot(at)googlebot.com',
     'accept-encoding': 'gzip,deflate',
     'user-agent': 'Mozilla/5.0 (compatible; Googlebot/2.1; +http://www.google.com/bot.html)' },
  time: 'Tue Sep 22 2015 10:26:30 GMT-0600 (MDT)',
  address: 'fe80::1',
  xdomain: false,
  secure: false,
  issued: 1442939190794,
  url: '/socket.io/?EIO=3&transport=polling&t=1442880000030-0',
  query: { EIO: '3', transport: 'polling', t: '1442880000030-0' } }
{ headers: 
   { 'x-real-ip': '66.249.64.161',
     'x-forwarded-for': '66.249.64.161',
     host: 'www.carnivalinparadise.com',
     'x-nginx-proxy': 'true',
     connection: 'close',
     referer: 'https://www.carnivalinparadise.com/',
     accept: '*/*',
     from: 'googlebot(at)googlebot.com',
     'accept-encoding': 'gzip,deflate',
     'user-agent': 'Mozilla/5.0 (compatible; Googlebot/2.1; +http://www.google.com/bot.html)' },
  time: 'Tue Sep 22 2015 10:26:32 GMT-0600 (MDT)',
  address: '::ffff:127.0.0.1',
  xdomain: false,
  secure: false,
  issued: 1442939192071,
  url: '/socket.io/?EIO=3&transport=polling&t=1442880000040-1',
  query: { EIO: '3', transport: 'polling', t: '1442880000040-1' } }
{ headers: 
   { 'x-real-ip': '66.249.64.161',
     'x-forwarded-for': '66.249.64.161',
     host: 'www.carnivalinparadise.com',
     'x-nginx-proxy': 'true',
     connection: 'close',
     referer: 'https://www.carnivalinparadise.com/',
     accept: '*/*',
     from: 'googlebot(at)googlebot.com',
     'accept-encoding': 'gzip,deflate',
     'user-agent': 'Mozilla/5.0 (compatible; Googlebot/2.1; +http://www.google.com/bot.html)' },
  time: 'Tue Sep 22 2015 10:26:33 GMT-0600 (MDT)',
  address: '::1',
  xdomain: false,
  secure: false,
  issued: 1442939193183,
  url: '/socket.io/?EIO=3&transport=polling&t=1442880000050-2',
  query: { EIO: '3', transport: 'polling', t: '1442880000050-2' } }
{ headers: 
   { 'x-real-ip': '66.249.64.161',
     'x-forwarded-for': '66.249.64.161',
     host: 'www.carnivalinparadise.com',
     'x-nginx-proxy': 'true',
     connection: 'close',
     referer: 'https://www.carnivalinparadise.com/',
     accept: '*/*',
     from: 'googlebot(at)googlebot.com',
     'accept-encoding': 'gzip,deflate',
     'user-agent': 'Mozilla/5.0 (compatible; Googlebot/2.1; +http://www.google.com/bot.html)' },
  time: 'Tue Sep 22 2015 10:26:34 GMT-0600 (MDT)',
  address: 'fe80::1',
  xdomain: false,
  secure: false,
  issued: 1442939194189,
  url: '/socket.io/?EIO=3&transport=polling&t=1442880000060-3',
  query: { EIO: '3', transport: 'polling', t: '1442880000060-3' } }
{ headers: 
   { 'x-real-ip': '66.249.64.156',
     'x-forwarded-for': '66.249.64.156',
     host: 'www.carnivalinparadise.com',
     'x-nginx-proxy': 'true',
     connection: 'close',
     referer: 'https://www.carnivalinparadise.com/',
     accept: '*/*',
     from: 'googlebot(at)googlebot.com',
     'accept-encoding': 'gzip,deflate',
     'user-agent': 'Mozilla/5.0 (compatible; Googlebot/2.1; +http://www.google.com/bot.html)' },
  time: 'Tue Sep 22 2015 10:26:35 GMT-0600 (MDT)',
  address: '::ffff:127.0.0.1',
  xdomain: false,
  secure: false,
  issued: 1442939195811,
  url: '/socket.io/?EIO=3&transport=polling&t=1442880000070-4',
  query: { EIO: '3', transport: 'polling', t: '1442880000070-4' } }
{ headers: 
   { 'x-real-ip': '66.249.64.156',
     'x-forwarded-for': '66.249.64.156',
     host: 'www.carnivalinparadise.com',
     'x-nginx-proxy': 'true',
     connection: 'close',
     referer: 'https://www.carnivalinparadise.com/',
     accept: '*/*',
     from: 'googlebot(at)googlebot.com',
     'accept-encoding': 'gzip,deflate',
     'user-agent': 'Mozilla/5.0 (compatible; Googlebot/2.1; +http://www.google.com/bot.html)' },
  time: 'Tue Sep 22 2015 10:26:37 GMT-0600 (MDT)',
  address: '::1',
  xdomain: false,
  secure: false,
  issued: 1442939197146,
  url: '/socket.io/?EIO=3&transport=polling&t=1442880000080-5',
  query: { EIO: '3', transport: 'polling', t: '1442880000080-5' } }
{ headers: 
   { 'x-real-ip': '66.249.64.161',
     'x-forwarded-for': '66.249.64.161',
     host: 'www.carnivalinparadise.com',
     'x-nginx-proxy': 'true',
     connection: 'close',
     referer: 'https://www.carnivalinparadise.com/',
     accept: '*/*',
     from: 'googlebot(at)googlebot.com',
     'accept-encoding': 'gzip,deflate',
     'user-agent': 'Mozilla/5.0 (compatible; Googlebot/2.1; +http://www.google.com/bot.html)' },
  time: 'Tue Sep 22 2015 10:26:38 GMT-0600 (MDT)',
  address: '::ffff:127.0.0.1',
  xdomain: false,
  secure: false,
  issued: 1442939198631,
  url: '/socket.io/?EIO=3&transport=polling&t=1442880000090-6',
  query: { EIO: '3', transport: 'polling', t: '1442880000090-6' } }
{ headers: 
   { 'x-real-ip': '66.249.64.161',
     'x-forwarded-for': '66.249.64.161',
     host: 'www.carnivalinparadise.com',
     'x-nginx-proxy': 'true',
     connection: 'close',
     referer: 'https://www.carnivalinparadise.com/',
     accept: '*/*',
     from: 'googlebot(at)googlebot.com',
     'accept-encoding': 'gzip,deflate',
     'user-agent': 'Mozilla/5.0 (compatible; Googlebot/2.1; +http://www.google.com/bot.html)' },
  time: 'Tue Sep 22 2015 10:26:39 GMT-0600 (MDT)',
  address: '::1',
  xdomain: false,
  secure: false,
  issued: 1442939199503,
  url: '/socket.io/?EIO=3&transport=polling&t=1442880000100-7',
  query: { EIO: '3', transport: 'polling', t: '1442880000100-7' } }
{ headers: 
   { 'x-real-ip': '66.249.64.166',
     'x-forwarded-for': '66.249.64.166',
     host: 'www.carnivalinparadise.com',
     'x-nginx-proxy': 'true',
     connection: 'close',
     referer: 'https://www.carnivalinparadise.com/',
     accept: '*/*',
     from: 'googlebot(at)googlebot.com',
     'accept-encoding': 'gzip,deflate',
     'user-agent': 'Mozilla/5.0 (compatible; Googlebot/2.1; +http://www.google.com/bot.html)' },
  time: 'Tue Sep 22 2015 10:26:40 GMT-0600 (MDT)',
  address: 'fe80::1',
  xdomain: false,
  secure: false,
  issued: 1442939200564,
  url: '/socket.io/?EIO=3&transport=polling&t=1442880000110-8',
  query: { EIO: '3', transport: 'polling', t: '1442880000110-8' } }
{ headers: 
   { 'x-real-ip': '66.249.64.156',
     'x-forwarded-for': '66.249.64.156',
     host: 'www.carnivalinparadise.com',
     'x-nginx-proxy': 'true',
     connection: 'close',
     referer: 'https://www.carnivalinparadise.com/',
     accept: '*/*',
     from: 'googlebot(at)googlebot.com',
     'accept-encoding': 'gzip,deflate',
     'user-agent': 'Mozilla/5.0 (compatible; Googlebot/2.1; +http://www.google.com/bot.html)' },
  time: 'Tue Sep 22 2015 10:26:41 GMT-0600 (MDT)',
  address: '::ffff:127.0.0.1',
  xdomain: false,
  secure: false,
  issued: 1442939201489,
  url: '/socket.io/?EIO=3&transport=polling&t=1442880000120-9',
  query: { EIO: '3', transport: 'polling', t: '1442880000120-9' } }
{ headers: 
   { 'x-real-ip': '66.249.64.161',
     'x-forwarded-for': '66.249.64.161',
     host: 'www.carnivalinparadise.com',
     'x-nginx-proxy': 'true',
     connection: 'close',
     referer: 'https://www.carnivalinparadise.com/',
     accept: '*/*',
     from: 'googlebot(at)googlebot.com',
     'accept-encoding': 'gzip,deflate',
     'user-agent': 'Mozilla/5.0 (compatible; Googlebot/2.1; +http://www.google.com/bot.html)' },
  time: 'Tue Sep 22 2015 10:26:42 GMT-0600 (MDT)',
  address: 'fe80::1',
  xdomain: false,
  secure: false,
  issued: 1442939202503,
  url: '/socket.io/?EIO=3&transport=polling&t=1442880000129-10',
  query: { EIO: '3', transport: 'polling', t: '1442880000129-10' } }
{ headers: 
   { 'x-real-ip': '66.249.64.166',
     'x-forwarded-for': '66.249.64.166',
     host: 'www.carnivalinparadise.com',
     'x-nginx-proxy': 'true',
     connection: 'close',
     referer: 'https://www.carnivalinparadise.com/',
     accept: '*/*',
     from: 'googlebot(at)googlebot.com',
     'accept-encoding': 'gzip,deflate',
     'user-agent': 'Mozilla/5.0 (compatible; Googlebot/2.1; +http://www.google.com/bot.html)' },
  time: 'Tue Sep 22 2015 10:26:43 GMT-0600 (MDT)',
  address: '::1',
  xdomain: false,
  secure: false,
  issued: 1442939203520,
  url: '/socket.io/?EIO=3&transport=polling&t=1442880000139-11',
  query: { EIO: '3', transport: 'polling', t: '1442880000139-11' } }
{ headers: 
   { 'x-real-ip': '66.249.64.161',
     'x-forwarded-for': '66.249.64.161',
     host: 'www.carnivalinparadise.com',
     'x-nginx-proxy': 'true',
     connection: 'close',
     referer: 'https://www.carnivalinparadise.com/',
     accept: '*/*',
     from: 'googlebot(at)googlebot.com',
     'accept-encoding': 'gzip,deflate',
     'user-agent': 'Mozilla/5.0 (compatible; Googlebot/2.1; +http://www.google.com/bot.html)' },
  time: 'Tue Sep 22 2015 10:26:44 GMT-0600 (MDT)',
  address: '::ffff:127.0.0.1',
  xdomain: false,
  secure: false,
  issued: 1442939204988,
  url: '/socket.io/?EIO=3&transport=polling&t=1442880000149-12',
  query: { EIO: '3', transport: 'polling', t: '1442880000149-12' } }
{ headers: 
   { 'x-real-ip': '66.249.64.161',
     'x-forwarded-for': '66.249.64.161',
     host: 'www.carnivalinparadise.com',
     'x-nginx-proxy': 'true',
     connection: 'close',
     referer: 'https://www.carnivalinparadise.com/',
     accept: '*/*',
     from: 'googlebot(at)googlebot.com',
     'accept-encoding': 'gzip,deflate',
     'user-agent': 'Mozilla/5.0 (compatible; Googlebot/2.1; +http://www.google.com/bot.html)' },
  time: 'Tue Sep 22 2015 10:26:46 GMT-0600 (MDT)',
  address: '::1',
  xdomain: false,
  secure: false,
  issued: 1442939206050,
  url: '/socket.io/?EIO=3&transport=polling&t=1442880000159-13',
  query: { EIO: '3', transport: 'polling', t: '1442880000159-13' } }
{ headers: 
   { 'x-real-ip': '66.249.64.166',
     'x-forwarded-for': '66.249.64.166',
     host: 'www.carnivalinparadise.com',
     'x-nginx-proxy': 'true',
     connection: 'close',
     referer: 'https://www.carnivalinparadise.com/',
     accept: '*/*',
     from: 'googlebot(at)googlebot.com',
     'accept-encoding': 'gzip,deflate',
     'user-agent': 'Mozilla/5.0 (compatible; Googlebot/2.1; +http://www.google.com/bot.html)' },
  time: 'Tue Sep 22 2015 10:26:47 GMT-0600 (MDT)',
  address: 'fe80::1',
  xdomain: false,
  secure: false,
  issued: 1442939207646,
  url: '/socket.io/?EIO=3&transport=polling&t=1442880000169-14',
  query: { EIO: '3', transport: 'polling', t: '1442880000169-14' } }
{ headers: 
   { 'x-real-ip': '66.249.64.161',
     'x-forwarded-for': '66.249.64.161',
     host: 'www.carnivalinparadise.com',
     'x-nginx-proxy': 'true',
     connection: 'close',
     referer: 'https://www.carnivalinparadise.com/',
     accept: '*/*',
     from: 'googlebot(at)googlebot.com',
     'accept-encoding': 'gzip,deflate',
     'user-agent': 'Mozilla/5.0 (compatible; Googlebot/2.1; +http://www.google.com/bot.html)' },
  time: 'Tue Sep 22 2015 10:26:49 GMT-0600 (MDT)',
  address: 'fe80::1',
  xdomain: false,
  secure: false,
  issued: 1442939209294,
  url: '/socket.io/?EIO=3&transport=polling&t=1442880000179-15',
  query: { EIO: '3', transport: 'polling', t: '1442880000179-15' } }
{ headers: 
   { 'x-real-ip': '66.249.64.166',
     'x-forwarded-for': '66.249.64.166',
     host: 'www.carnivalinparadise.com',
     'x-nginx-proxy': 'true',
     connection: 'close',
     referer: 'https://www.carnivalinparadise.com/',
     accept: '*/*',
     from: 'googlebot(at)googlebot.com',
     'accept-encoding': 'gzip,deflate',
     'user-agent': 'Mozilla/5.0 (compatible; Googlebot/2.1; +http://www.google.com/bot.html)' },
  time: 'Tue Sep 22 2015 10:26:50 GMT-0600 (MDT)',
  address: '::ffff:127.0.0.1',
  xdomain: false,
  secure: false,
  issued: 1442939210916,
  url: '/socket.io/?EIO=3&transport=polling&t=1442880000189-16',
  query: { EIO: '3', transport: 'polling', t: '1442880000189-16' } }
{ headers: 
   { 'x-real-ip': '66.249.64.161',
     'x-forwarded-for': '66.249.64.161',
     host: 'www.carnivalinparadise.com',
     'x-nginx-proxy': 'true',
     connection: 'close',
     referer: 'https://www.carnivalinparadise.com/',
     accept: '*/*',
     from: 'googlebot(at)googlebot.com',
     'accept-encoding': 'gzip,deflate',
     'user-agent': 'Mozilla/5.0 (compatible; Googlebot/2.1; +http://www.google.com/bot.html)' },
  time: 'Tue Sep 22 2015 10:26:52 GMT-0600 (MDT)',
  address: '::ffff:127.0.0.1',
  xdomain: false,
  secure: false,
  issued: 1442939212067,
  url: '/socket.io/?EIO=3&transport=polling&t=1442880000199-17',
  query: { EIO: '3', transport: 'polling', t: '1442880000199-17' } }
{ headers: 
   { 'x-real-ip': '66.249.64.156',
     'x-forwarded-for': '66.249.64.156',
     host: 'www.carnivalinparadise.com',
     'x-nginx-proxy': 'true',
     connection: 'close',
     referer: 'https://www.carnivalinparadise.com/',
     accept: '*/*',
     from: 'googlebot(at)googlebot.com',
     'accept-encoding': 'gzip,deflate',
     'user-agent': 'Mozilla/5.0 (compatible; Googlebot/2.1; +http://www.google.com/bot.html)' },
  time: 'Tue Sep 22 2015 10:26:53 GMT-0600 (MDT)',
  address: '::1',
  xdomain: false,
  secure: false,
  issued: 1442939213105,
  url: '/socket.io/?EIO=3&transport=polling&t=1442880000209-18',
  query: { EIO: '3', transport: 'polling', t: '1442880000209-18' } }
{ headers: 
   { 'x-real-ip': '66.249.64.161',
     'x-forwarded-for': '66.249.64.161',
     host: 'www.carnivalinparadise.com',
     'x-nginx-proxy': 'true',
     connection: 'close',
     referer: 'https://www.carnivalinparadise.com/',
     accept: '*/*',
     from: 'googlebot(at)googlebot.com',
     'accept-encoding': 'gzip,deflate',
     'user-agent': 'Mozilla/5.0 (compatible; Googlebot/2.1; +http://www.google.com/bot.html)' },
  time: 'Tue Sep 22 2015 10:26:53 GMT-0600 (MDT)',
  address: '::1',
  xdomain: false,
  secure: false,
  issued: 1442939213990,
  url: '/socket.io/?EIO=3&transport=polling&t=1442880000219-19',
  query: { EIO: '3', transport: 'polling', t: '1442880000219-19' } }
{ headers: 
   { 'x-real-ip': '66.249.64.161',
     'x-forwarded-for': '66.249.64.161',
     host: 'www.carnivalinparadise.com',
     'x-nginx-proxy': 'true',
     connection: 'close',
     referer: 'https://www.carnivalinparadise.com/',
     accept: '*/*',
     from: 'googlebot(at)googlebot.com',
     'accept-encoding': 'gzip,deflate',
     'user-agent': 'Mozilla/5.0 (compatible; Googlebot/2.1; +http://www.google.com/bot.html)' },
  time: 'Tue Sep 22 2015 10:26:55 GMT-0600 (MDT)',
  address: 'fe80::1',
  xdomain: false,
  secure: false,
  issued: 1442939215028,
  url: '/socket.io/?EIO=3&transport=polling&t=1442880000229-20',
  query: { EIO: '3', transport: 'polling', t: '1442880000229-20' } }
{ headers: 
   { 'x-real-ip': '66.249.64.156',
     'x-forwarded-for': '66.249.64.156',
     host: 'www.carnivalinparadise.com',
     'x-nginx-proxy': 'true',
     connection: 'close',
     referer: 'https://www.carnivalinparadise.com/',
     accept: '*/*',
     from: 'googlebot(at)googlebot.com',
     'accept-encoding': 'gzip,deflate',
     'user-agent': 'Mozilla/5.0 (compatible; Googlebot/2.1; +http://www.google.com/bot.html)' },
  time: 'Tue Sep 22 2015 10:26:56 GMT-0600 (MDT)',
  address: 'fe80::1',
  xdomain: false,
  secure: false,
  issued: 1442939216066,
  url: '/socket.io/?EIO=3&transport=polling&t=1442880000239-21',
  query: { EIO: '3', transport: 'polling', t: '1442880000239-21' } }
{ headers: 
   { 'x-real-ip': '66.249.64.166',
     'x-forwarded-for': '66.249.64.166',
     host: 'www.carnivalinparadise.com',
     'x-nginx-proxy': 'true',
     connection: 'close',
     referer: 'https://www.carnivalinparadise.com/',
     accept: '*/*',
     from: 'googlebot(at)googlebot.com',
     'accept-encoding': 'gzip,deflate',
     'user-agent': 'Mozilla/5.0 (compatible; Googlebot/2.1; +http://www.google.com/bot.html)' },
  time: 'Tue Sep 22 2015 10:26:57 GMT-0600 (MDT)',
  address: '::ffff:127.0.0.1',
  xdomain: false,
  secure: false,
  issued: 1442939217043,
  url: '/socket.io/?EIO=3&transport=polling&t=1442880000249-22',
  query: { EIO: '3', transport: 'polling', t: '1442880000249-22' } }
{ headers: 
   { 'x-real-ip': '66.249.64.156',
     'x-forwarded-for': '66.249.64.156',
     host: 'www.carnivalinparadise.com',
     'x-nginx-proxy': 'true',
     connection: 'close',
     referer: 'https://www.carnivalinparadise.com/',
     accept: '*/*',
     from: 'googlebot(at)googlebot.com',
     'accept-encoding': 'gzip,deflate',
     'user-agent': 'Mozilla/5.0 (compatible; Googlebot/2.1; +http://www.google.com/bot.html)' },
  time: 'Tue Sep 22 2015 10:26:58 GMT-0600 (MDT)',
  address: '::1',
  xdomain: false,
  secure: false,
  issued: 1442939218113,
  url: '/socket.io/?EIO=3&transport=polling&t=1442880000259-23',
  query: { EIO: '3', transport: 'polling', t: '1442880000259-23' } }
{ headers: 
   { 'x-real-ip': '66.249.64.156',
     'x-forwarded-for': '66.249.64.156',
     host: 'www.carnivalinparadise.com',
     'x-nginx-proxy': 'true',
     connection: 'close',
     referer: 'https://www.carnivalinparadise.com/',
     accept: '*/*',
     from: 'googlebot(at)googlebot.com',
     'accept-encoding': 'gzip,deflate',
     'user-agent': 'Mozilla/5.0 (compatible; Googlebot/2.1; +http://www.google.com/bot.html)' },
  time: 'Tue Sep 22 2015 10:26:59 GMT-0600 (MDT)',
  address: 'fe80::1',
  xdomain: false,
  secure: false,
  issued: 1442939219613,
  url: '/socket.io/?EIO=3&transport=polling&t=1442880000269-24',
  query: { EIO: '3', transport: 'polling', t: '1442880000269-24' } }
{ headers: 
   { 'x-real-ip': '66.249.64.166',
     'x-forwarded-for': '66.249.64.166',
     host: 'www.carnivalinparadise.com',
     'x-nginx-proxy': 'true',
     connection: 'close',
     referer: 'https://www.carnivalinparadise.com/',
     accept: '*/*',
     from: 'googlebot(at)googlebot.com',
     'accept-encoding': 'gzip,deflate',
     'user-agent': 'Mozilla/5.0 (compatible; Googlebot/2.1; +http://www.google.com/bot.html)' },
  time: 'Tue Sep 22 2015 10:27:00 GMT-0600 (MDT)',
  address: '::ffff:127.0.0.1',
  xdomain: false,
  secure: false,
  issued: 1442939220603,
  url: '/socket.io/?EIO=3&transport=polling&t=1442880000279-25',
  query: { EIO: '3', transport: 'polling', t: '1442880000279-25' } }
{ headers: 
   { 'x-real-ip': '66.249.64.161',
     'x-forwarded-for': '66.249.64.161',
     host: 'www.carnivalinparadise.com',
     'x-nginx-proxy': 'true',
     connection: 'close',
     referer: 'https://www.carnivalinparadise.com/',
     accept: '*/*',
     from: 'googlebot(at)googlebot.com',
     'accept-encoding': 'gzip,deflate',
     'user-agent': 'Mozilla/5.0 (compatible; Googlebot/2.1; +http://www.google.com/bot.html)' },
  time: 'Tue Sep 22 2015 10:27:01 GMT-0600 (MDT)',
  address: '::ffff:127.0.0.1',
  xdomain: false,
  secure: false,
  issued: 1442939221545,
  url: '/socket.io/?EIO=3&transport=polling&t=1442880000289-26',
  query: { EIO: '3', transport: 'polling', t: '1442880000289-26' } }
{ headers: 
   { 'x-real-ip': '66.249.64.161',
     'x-forwarded-for': '66.249.64.161',
     host: 'www.carnivalinparadise.com',
     'x-nginx-proxy': 'true',
     connection: 'close',
     referer: 'https://www.carnivalinparadise.com/',
     accept: '*/*',
     from: 'googlebot(at)googlebot.com',
     'accept-encoding': 'gzip,deflate',
     'user-agent': 'Mozilla/5.0 (compatible; Googlebot/2.1; +http://www.google.com/bot.html)' },
  time: 'Tue Sep 22 2015 10:27:02 GMT-0600 (MDT)',
  address: '::1',
  xdomain: false,
  secure: false,
  issued: 1442939222535,
  url: '/socket.io/?EIO=3&transport=polling&t=1442880000299-27',
  query: { EIO: '3', transport: 'polling', t: '1442880000299-27' } }
{ headers: 
   { 'x-real-ip': '66.249.64.166',
     'x-forwarded-for': '66.249.64.166',
     host: 'www.carnivalinparadise.com',
     'x-nginx-proxy': 'true',
     connection: 'close',
     referer: 'https://www.carnivalinparadise.com/',
     accept: '*/*',
     from: 'googlebot(at)googlebot.com',
     'accept-encoding': 'gzip,deflate',
     'user-agent': 'Mozilla/5.0 (compatible; Googlebot/2.1; +http://www.google.com/bot.html)' },
  time: 'Tue Sep 22 2015 10:27:03 GMT-0600 (MDT)',
  address: '::1',
  xdomain: false,
  secure: false,
  issued: 1442939223621,
  url: '/socket.io/?EIO=3&transport=polling&t=1442880000309-28',
  query: { EIO: '3', transport: 'polling', t: '1442880000309-28' } }
{ headers: 
   { 'x-real-ip': '66.249.64.161',
     'x-forwarded-for': '66.249.64.161',
     host: 'www.carnivalinparadise.com',
     'x-nginx-proxy': 'true',
     connection: 'close',
     referer: 'https://www.carnivalinparadise.com/',
     accept: '*/*',
     from: 'googlebot(at)googlebot.com',
     'accept-encoding': 'gzip,deflate',
     'user-agent': 'Mozilla/5.0 (compatible; Googlebot/2.1; +http://www.google.com/bot.html)' },
  time: 'Tue Sep 22 2015 10:27:04 GMT-0600 (MDT)',
  address: 'fe80::1',
  xdomain: false,
  secure: false,
  issued: 1442939224858,
  url: '/socket.io/?EIO=3&transport=polling&t=1442880000319-29',
  query: { EIO: '3', transport: 'polling', t: '1442880000319-29' } }
{ headers: 
   { 'x-real-ip': '66.249.64.166',
     'x-forwarded-for': '66.249.64.166',
     host: 'www.carnivalinparadise.com',
     'x-nginx-proxy': 'true',
     connection: 'close',
     referer: 'https://www.carnivalinparadise.com/',
     accept: '*/*',
     from: 'googlebot(at)googlebot.com',
     'accept-encoding': 'gzip,deflate',
     'user-agent': 'Mozilla/5.0 (compatible; Googlebot/2.1; +http://www.google.com/bot.html)' },
  time: 'Tue Sep 22 2015 10:27:06 GMT-0600 (MDT)',
  address: 'fe80::1',
  xdomain: false,
  secure: false,
  issued: 1442939226228,
  url: '/socket.io/?EIO=3&transport=polling&t=1442880000329-30',
  query: { EIO: '3', transport: 'polling', t: '1442880000329-30' } }
{ headers: 
   { 'x-real-ip': '66.249.64.156',
     'x-forwarded-for': '66.249.64.156',
     host: 'www.carnivalinparadise.com',
     'x-nginx-proxy': 'true',
     connection: 'close',
     referer: 'https://www.carnivalinparadise.com/',
     accept: '*/*',
     from: 'googlebot(at)googlebot.com',
     'accept-encoding': 'gzip,deflate',
     'user-agent': 'Mozilla/5.0 (compatible; Googlebot/2.1; +http://www.google.com/bot.html)' },
  time: 'Tue Sep 22 2015 10:27:07 GMT-0600 (MDT)',
  address: '::ffff:127.0.0.1',
  xdomain: false,
  secure: false,
  issued: 1442939227106,
  url: '/socket.io/?EIO=3&transport=polling&t=1442880000339-31',
  query: { EIO: '3', transport: 'polling', t: '1442880000339-31' } }
{ headers: 
   { 'x-real-ip': '66.249.64.156',
     'x-forwarded-for': '66.249.64.156',
     host: 'www.carnivalinparadise.com',
     'x-nginx-proxy': 'true',
     connection: 'close',
     referer: 'https://www.carnivalinparadise.com/',
     accept: '*/*',
     from: 'googlebot(at)googlebot.com',
     'accept-encoding': 'gzip,deflate',
     'user-agent': 'Mozilla/5.0 (compatible; Googlebot/2.1; +http://www.google.com/bot.html)' },
  time: 'Tue Sep 22 2015 10:27:07 GMT-0600 (MDT)',
  address: '::1',
  xdomain: false,
  secure: false,
  issued: 1442939227995,
  url: '/socket.io/?EIO=3&transport=polling&t=1442880000349-32',
  query: { EIO: '3', transport: 'polling', t: '1442880000349-32' } }
{ headers: 
   { 'x-real-ip': '66.249.64.166',
     'x-forwarded-for': '66.249.64.166',
     host: 'www.carnivalinparadise.com',
     'x-nginx-proxy': 'true',
     connection: 'close',
     referer: 'https://www.carnivalinparadise.com/',
     accept: '*/*',
     from: 'googlebot(at)googlebot.com',
     'accept-encoding': 'gzip,deflate',
     'user-agent': 'Mozilla/5.0 (compatible; Googlebot/2.1; +http://www.google.com/bot.html)' },
  time: 'Tue Sep 22 2015 10:27:09 GMT-0600 (MDT)',
  address: 'fe80::1',
  xdomain: false,
  secure: false,
  issued: 1442939229062,
  url: '/socket.io/?EIO=3&transport=polling&t=1442880000359-33',
  query: { EIO: '3', transport: 'polling', t: '1442880000359-33' } }
{ headers: 
   { 'x-real-ip': '66.249.64.161',
     'x-forwarded-for': '66.249.64.161',
     host: 'www.carnivalinparadise.com',
     'x-nginx-proxy': 'true',
     connection: 'close',
     referer: 'https://www.carnivalinparadise.com/',
     accept: '*/*',
     from: 'googlebot(at)googlebot.com',
     'accept-encoding': 'gzip,deflate',
     'user-agent': 'Mozilla/5.0 (compatible; Googlebot/2.1; +http://www.google.com/bot.html)' },
  time: 'Tue Sep 22 2015 10:27:10 GMT-0600 (MDT)',
  address: '::ffff:127.0.0.1',
  xdomain: false,
  secure: false,
  issued: 1442939230256,
  url: '/socket.io/?EIO=3&transport=polling&t=1442880000369-34',
  query: { EIO: '3', transport: 'polling', t: '1442880000369-34' } }
{ headers: 
   { 'x-real-ip': '66.249.64.156',
     'x-forwarded-for': '66.249.64.156',
     host: 'www.carnivalinparadise.com',
     'x-nginx-proxy': 'true',
     connection: 'close',
     referer: 'https://www.carnivalinparadise.com/',
     accept: '*/*',
     from: 'googlebot(at)googlebot.com',
     'accept-encoding': 'gzip,deflate',
     'user-agent': 'Mozilla/5.0 (compatible; Googlebot/2.1; +http://www.google.com/bot.html)' },
  time: 'Tue Sep 22 2015 10:27:11 GMT-0600 (MDT)',
  address: '::ffff:127.0.0.1',
  xdomain: false,
  secure: false,
  issued: 1442939231504,
  url: '/socket.io/?EIO=3&transport=polling&t=1442880000379-35',
  query: { EIO: '3', transport: 'polling', t: '1442880000379-35' } }
{ headers: 
   { 'x-real-ip': '66.249.64.161',
     'x-forwarded-for': '66.249.64.161',
     host: 'www.carnivalinparadise.com',
     'x-nginx-proxy': 'true',
     connection: 'close',
     referer: 'https://www.carnivalinparadise.com/',
     accept: '*/*',
     from: 'googlebot(at)googlebot.com',
     'accept-encoding': 'gzip,deflate',
     'user-agent': 'Mozilla/5.0 (compatible; Googlebot/2.1; +http://www.google.com/bot.html)' },
  time: 'Tue Sep 22 2015 10:27:12 GMT-0600 (MDT)',
  address: '::1',
  xdomain: false,
  secure: false,
  issued: 1442939232611,
  url: '/socket.io/?EIO=3&transport=polling&t=1442880000389-36',
  query: { EIO: '3', transport: 'polling', t: '1442880000389-36' } }
{ headers: 
   { 'x-real-ip': '66.249.64.161',
     'x-forwarded-for': '66.249.64.161',
     host: 'www.carnivalinparadise.com',
     'x-nginx-proxy': 'true',
     connection: 'close',
     referer: 'https://www.carnivalinparadise.com/',
     accept: '*/*',
     from: 'googlebot(at)googlebot.com',
     'accept-encoding': 'gzip,deflate',
     'user-agent': 'Mozilla/5.0 (compatible; Googlebot/2.1; +http://www.google.com/bot.html)' },
  time: 'Tue Sep 22 2015 10:27:13 GMT-0600 (MDT)',
  address: 'fe80::1',
  xdomain: false,
  secure: false,
  issued: 1442939233531,
  url: '/socket.io/?EIO=3&transport=polling&t=1442880000399-37',
  query: { EIO: '3', transport: 'polling', t: '1442880000399-37' } }
{ headers: 
   { 'x-real-ip': '66.249.64.161',
     'x-forwarded-for': '66.249.64.161',
     host: 'www.carnivalinparadise.com',
     'x-nginx-proxy': 'true',
     connection: 'close',
     referer: 'https://www.carnivalinparadise.com/',
     accept: '*/*',
     from: 'googlebot(at)googlebot.com',
     'accept-encoding': 'gzip,deflate',
     'user-agent': 'Mozilla/5.0 (compatible; Googlebot/2.1; +http://www.google.com/bot.html)' },
  time: 'Tue Sep 22 2015 10:27:14 GMT-0600 (MDT)',
  address: '::ffff:127.0.0.1',
  xdomain: false,
  secure: false,
  issued: 1442939234596,
  url: '/socket.io/?EIO=3&transport=polling&t=1442880000409-38',
  query: { EIO: '3', transport: 'polling', t: '1442880000409-38' } }
{ headers: 
   { 'x-real-ip': '66.249.64.166',
     'x-forwarded-for': '66.249.64.166',
     host: 'www.carnivalinparadise.com',
     'x-nginx-proxy': 'true',
     connection: 'close',
     referer: 'https://www.carnivalinparadise.com/',
     accept: '*/*',
     from: 'googlebot(at)googlebot.com',
     'accept-encoding': 'gzip,deflate',
     'user-agent': 'Mozilla/5.0 (compatible; Googlebot/2.1; +http://www.google.com/bot.html)' },
  time: 'Tue Sep 22 2015 10:27:15 GMT-0600 (MDT)',
  address: '::1',
  xdomain: false,
  secure: false,
  issued: 1442939235623,
  url: '/socket.io/?EIO=3&transport=polling&t=1442880000419-39',
  query: { EIO: '3', transport: 'polling', t: '1442880000419-39' } }
{ headers: 
   { 'x-real-ip': '66.249.64.156',
     'x-forwarded-for': '66.249.64.156',
     host: 'www.carnivalinparadise.com',
     'x-nginx-proxy': 'true',
     connection: 'close',
     referer: 'https://www.carnivalinparadise.com/',
     accept: '*/*',
     from: 'googlebot(at)googlebot.com',
     'accept-encoding': 'gzip,deflate',
     'user-agent': 'Mozilla/5.0 (compatible; Googlebot/2.1; +http://www.google.com/bot.html)' },
  time: 'Tue Sep 22 2015 10:27:16 GMT-0600 (MDT)',
  address: 'fe80::1',
  xdomain: false,
  secure: false,
  issued: 1442939236505,
  url: '/socket.io/?EIO=3&transport=polling&t=1442880000429-40',
  query: { EIO: '3', transport: 'polling', t: '1442880000429-40' } }
{ headers: 
   { 'x-real-ip': '66.249.64.156',
     'x-forwarded-for': '66.249.64.156',
     host: 'www.carnivalinparadise.com',
     'x-nginx-proxy': 'true',
     connection: 'close',
     referer: 'https://www.carnivalinparadise.com/',
     accept: '*/*',
     from: 'googlebot(at)googlebot.com',
     'accept-encoding': 'gzip,deflate',
     'user-agent': 'Mozilla/5.0 (compatible; Googlebot/2.1; +http://www.google.com/bot.html)' },
  time: 'Tue Sep 22 2015 10:27:17 GMT-0600 (MDT)',
  address: '::ffff:127.0.0.1',
  xdomain: false,
  secure: false,
  issued: 1442939237522,
  url: '/socket.io/?EIO=3&transport=polling&t=1442880000439-41',
  query: { EIO: '3', transport: 'polling', t: '1442880000439-41' } }
{ headers: 
   { 'x-real-ip': '66.249.64.166',
     'x-forwarded-for': '66.249.64.166',
     host: 'www.carnivalinparadise.com',
     'x-nginx-proxy': 'true',
     connection: 'close',
     referer: 'https://www.carnivalinparadise.com/',
     accept: '*/*',
     from: 'googlebot(at)googlebot.com',
     'accept-encoding': 'gzip,deflate',
     'user-agent': 'Mozilla/5.0 (compatible; Googlebot/2.1; +http://www.google.com/bot.html)' },
  time: 'Tue Sep 22 2015 10:27:18 GMT-0600 (MDT)',
  address: '::1',
  xdomain: false,
  secure: false,
  issued: 1442939238547,
  url: '/socket.io/?EIO=3&transport=polling&t=1442880000449-42',
  query: { EIO: '3', transport: 'polling', t: '1442880000449-42' } }
{ headers: 
   { 'x-real-ip': '66.249.64.156',
     'x-forwarded-for': '66.249.64.156',
     host: 'www.carnivalinparadise.com',
     'x-nginx-proxy': 'true',
     connection: 'close',
     referer: 'https://www.carnivalinparadise.com/',
     accept: '*/*',
     from: 'googlebot(at)googlebot.com',
     'accept-encoding': 'gzip,deflate',
     'user-agent': 'Mozilla/5.0 (compatible; Googlebot/2.1; +http://www.google.com/bot.html)' },
  time: 'Tue Sep 22 2015 10:27:19 GMT-0600 (MDT)',
  address: 'fe80::1',
  xdomain: false,
  secure: false,
  issued: 1442939239511,
  url: '/socket.io/?EIO=3&transport=polling&t=1442880000459-43',
  query: { EIO: '3', transport: 'polling', t: '1442880000459-43' } }
{ headers: 
   { 'x-real-ip': '66.249.64.156',
     'x-forwarded-for': '66.249.64.156',
     host: 'www.carnivalinparadise.com',
     'x-nginx-proxy': 'true',
     connection: 'close',
     referer: 'https://www.carnivalinparadise.com/',
     accept: '*/*',
     from: 'googlebot(at)googlebot.com',
     'accept-encoding': 'gzip,deflate',
     'user-agent': 'Mozilla/5.0 (compatible; Googlebot/2.1; +http://www.google.com/bot.html)' },
  time: 'Tue Sep 22 2015 10:27:20 GMT-0600 (MDT)',
  address: '::ffff:127.0.0.1',
  xdomain: false,
  secure: false,
  issued: 1442939240551,
  url: '/socket.io/?EIO=3&transport=polling&t=1442880000469-44',
  query: { EIO: '3', transport: 'polling', t: '1442880000469-44' } }
{ headers: 
   { 'x-real-ip': '66.249.64.156',
     'x-forwarded-for': '66.249.64.156',
     host: 'www.carnivalinparadise.com',
     'x-nginx-proxy': 'true',
     connection: 'close',
     referer: 'https://www.carnivalinparadise.com/',
     accept: '*/*',
     from: 'googlebot(at)googlebot.com',
     'accept-encoding': 'gzip,deflate',
     'user-agent': 'Mozilla/5.0 (compatible; Googlebot/2.1; +http://www.google.com/bot.html)' },
  time: 'Tue Sep 22 2015 10:27:22 GMT-0600 (MDT)',
  address: '::1',
  xdomain: false,
  secure: false,
  issued: 1442939242141,
  url: '/socket.io/?EIO=3&transport=polling&t=1442880000479-45',
  query: { EIO: '3', transport: 'polling', t: '1442880000479-45' } }
{ headers: 
   { 'x-real-ip': '66.249.64.161',
     'x-forwarded-for': '66.249.64.161',
     host: 'www.carnivalinparadise.com',
     'x-nginx-proxy': 'true',
     connection: 'close',
     referer: 'https://www.carnivalinparadise.com/',
     accept: '*/*',
     from: 'googlebot(at)googlebot.com',
     'accept-encoding': 'gzip,deflate',
     'user-agent': 'Mozilla/5.0 (compatible; Googlebot/2.1; +http://www.google.com/bot.html)' },
  time: 'Tue Sep 22 2015 10:27:23 GMT-0600 (MDT)',
  address: '::1',
  xdomain: false,
  secure: false,
  issued: 1442939243090,
  url: '/socket.io/?EIO=3&transport=polling&t=1442880000489-46',
  query: { EIO: '3', transport: 'polling', t: '1442880000489-46' } }
{ headers: 
   { 'x-real-ip': '66.249.64.161',
     'x-forwarded-for': '66.249.64.161',
     host: 'www.carnivalinparadise.com',
     'x-nginx-proxy': 'true',
     connection: 'close',
     referer: 'https://www.carnivalinparadise.com/',
     accept: '*/*',
     from: 'googlebot(at)googlebot.com',
     'accept-encoding': 'gzip,deflate',
     'user-agent': 'Mozilla/5.0 (compatible; Googlebot/2.1; +http://www.google.com/bot.html)' },
  time: 'Tue Sep 22 2015 10:27:24 GMT-0600 (MDT)',
  address: 'fe80::1',
  xdomain: false,
  secure: false,
  issued: 1442939244086,
  url: '/socket.io/?EIO=3&transport=polling&t=1442880000499-47',
  query: { EIO: '3', transport: 'polling', t: '1442880000499-47' } }
{ headers: 
   { 'x-real-ip': '66.249.64.156',
     'x-forwarded-for': '66.249.64.156',
     host: 'www.carnivalinparadise.com',
     'x-nginx-proxy': 'true',
     connection: 'close',
     referer: 'https://www.carnivalinparadise.com/',
     accept: '*/*',
     from: 'googlebot(at)googlebot.com',
     'accept-encoding': 'gzip,deflate',
     'user-agent': 'Mozilla/5.0 (compatible; Googlebot/2.1; +http://www.google.com/bot.html)' },
  time: 'Tue Sep 22 2015 10:27:25 GMT-0600 (MDT)',
  address: 'fe80::1',
  xdomain: false,
  secure: false,
  issued: 1442939245263,
  url: '/socket.io/?EIO=3&transport=polling&t=1442880000509-48',
  query: { EIO: '3', transport: 'polling', t: '1442880000509-48' } }
{ headers: 
   { 'x-real-ip': '66.249.64.166',
     'x-forwarded-for': '66.249.64.166',
     host: 'www.carnivalinparadise.com',
     'x-nginx-proxy': 'true',
     connection: 'close',
     referer: 'https://www.carnivalinparadise.com/',
     accept: '*/*',
     from: 'googlebot(at)googlebot.com',
     'accept-encoding': 'gzip,deflate',
     'user-agent': 'Mozilla/5.0 (compatible; Googlebot/2.1; +http://www.google.com/bot.html)' },
  time: 'Tue Sep 22 2015 10:27:26 GMT-0600 (MDT)',
  address: '::ffff:127.0.0.1',
  xdomain: false,
  secure: false,
  issued: 1442939246661,
  url: '/socket.io/?EIO=3&transport=polling&t=1442880000519-49',
  query: { EIO: '3', transport: 'polling', t: '1442880000519-49' } }
/Users/mangrove/svr/man-2/lib/io.js:31
        var sid = handshakeData.headers.cookie.replace(/.*connect.sid=(.*)?.*/, '$1');
                                              ^

TypeError: Cannot read property 'replace' of undefined
    at Socket.<anonymous> (/Users/mangrove/svr/man-2/lib/io.js:31:47)
    at emitOne (events.js:77:13)
    at Socket.emit (events.js:169:7)
    at Socket.emit (/Users/mangrove/svr/man-2/node_modules/socket.io/lib/socket.js:129:10)
    at Socket.onclose (/Users/mangrove/svr/man-2/node_modules/socket.io/lib/socket.js:418:8)
    at Client.onclose (/Users/mangrove/svr/man-2/node_modules/socket.io/lib/client.js:230:12)
    at emitTwo (events.js:92:20)
    at Socket.emit (events.js:172:7)
    at Socket.onClose (/Users/mangrove/svr/man-2/node_modules/socket.io/node_modules/engine.io/lib/socket.js:248:10)
    at null.<anonymous> (/Users/mangrove/svr/man-2/node_modules/socket.io/node_modules/engine.io/lib/socket.js:130:10)
    at Timer.listOnTimeout (timers.js:89:15)
error: Forever detected script exited with code: 1
error: Script restart attempt #2
[Error: Module did not self-register.]
js-bson: Failed to load c++ bson extension, using pure JS version
[Error: Module did not self-register.]
js-bson: Failed to load c++ bson extension, using pure JS version
[Error: Module did not self-register.]
js-bson: Failed to load c++ bson extension, using pure JS version
[Error: Module did not self-register.]
js-bson: Failed to load c++ bson extension, using pure JS version
Listening on port 3000
{ headers: 
   { 'x-real-ip': '192.168.1.1',
     'x-forwarded-for': '192.168.1.1',
     host: 'www.carnivalinparadise.com',
     'x-nginx-proxy': 'true',
     connection: 'close',
     'accept-encoding': 'gzip, deflate',
     cookie: 'connect.sid=s%3Aad797a07-41c4-4e97-8c53-f224e1588f35.WnYuYvCWc1R%2BtaWEs6eSVyaTDiyAtzdoK9p0uQOuko0',
     accept: '*/*',
     'user-agent': 'Mozilla/5.0 (Macintosh; Intel Mac OS X 10_10_5) AppleWebKit/600.8.9 (KHTML, like Gecko) Version/8.0.8 Safari/600.8.9',
     'accept-language': 'en-us',
     referer: 'https://www.carnivalinparadise.com/',
     dnt: '1' },
  time: 'Tue Sep 22 2015 11:41:19 GMT-0600 (MDT)',
  address: '::ffff:127.0.0.1',
  xdomain: false,
  secure: false,
  issued: 1442943679202,
  url: '/socket.io/?EIO=3&transport=polling&t=1442943678562-0',
  query: { EIO: '3', transport: 'polling', t: '1442943678562-0' } }
{ headers: 
   { 'x-real-ip': '192.168.1.1',
     'x-forwarded-for': '192.168.1.1',
     host: 'www.carnivalinparadise.com',
     'x-nginx-proxy': 'true',
     connection: 'close',
     'accept-encoding': 'gzip, deflate',
     cookie: 'io=7lmmZfXOXiPUqbDcAAAA; connect.sid=s%3Aad797a07-41c4-4e97-8c53-f224e1588f35.WnYuYvCWc1R%2BtaWEs6eSVyaTDiyAtzdoK9p0uQOuko0',
     accept: '*/*',
     'user-agent': 'Mozilla/5.0 (Macintosh; Intel Mac OS X 10_10_5) AppleWebKit/600.8.9 (KHTML, like Gecko) Version/8.0.8 Safari/600.8.9',
     'accept-language': 'en-us',
     referer: 'https://www.carnivalinparadise.com/',
     dnt: '1' },
  time: 'Tue Sep 22 2015 11:43:48 GMT-0600 (MDT)',
  address: 'fe80::1',
  xdomain: false,
  secure: false,
  issued: 1442943828837,
  url: '/socket.io/?EIO=3&transport=polling&t=1442943828223-0',
  query: { EIO: '3', transport: 'polling', t: '1442943828223-0' } }
